<?xml version="1.0" encoding="UTF-8"?>
<coverage generated="1691115191444" clover="3.2.0">
  <project timestamp="1691115191444" name="All files">
    <metrics statements="145" coveredstatements="145" conditionals="24" coveredconditionals="24" methods="49" coveredmethods="48" elements="218" coveredelements="217" complexity="0" loc="145" ncloc="145" packages="1" files="10" classes="10"/>
    <file name="Bloque.js" path="C:\Users\Marcela\Downloads\git\BlockChainTyH\Bloque.js">
      <metrics statements="27" coveredstatements="27" conditionals="8" coveredconditionals="8" methods="7" coveredmethods="7"/>
      <line num="1" count="1" type="stmt"/>
      <line num="2" count="1" type="stmt"/>
      <line num="3" count="1" type="stmt"/>
      <line num="4" count="1" type="stmt"/>
      <line num="8" count="16" type="stmt"/>
      <line num="9" count="16" type="stmt"/>
      <line num="10" count="16" type="stmt"/>
      <line num="11" count="16" type="stmt"/>
      <line num="12" count="16" type="stmt"/>
      <line num="16" count="2" type="stmt"/>
      <line num="17" count="2" type="stmt"/>
      <line num="18" count="20" type="stmt"/>
      <line num="19" count="2" type="stmt"/>
      <line num="24" count="2" type="stmt"/>
      <line num="25" count="2" type="stmt"/>
      <line num="29" count="12" type="cond" truecount="2" falsecount="0"/>
      <line num="30" count="11" type="cond" truecount="2" falsecount="0"/>
      <line num="31" count="10" type="stmt"/>
      <line num="34" count="1" type="stmt"/>
      <line num="37" count="1" type="stmt"/>
      <line num="41" count="35" type="cond" truecount="2" falsecount="0"/>
      <line num="42" count="34" type="cond" truecount="2" falsecount="0"/>
      <line num="43" count="33" type="stmt"/>
      <line num="46" count="1" type="stmt"/>
      <line num="50" count="34" type="stmt"/>
      <line num="53" count="8" type="stmt"/>
      <line num="56" count="1" type="stmt"/>
    </file>
    <file name="Coinbase.js" path="C:\Users\Marcela\Downloads\git\BlockChainTyH\Coinbase.js">
      <metrics statements="25" coveredstatements="25" conditionals="2" coveredconditionals="2" methods="8" coveredmethods="8"/>
      <line num="1" count="1" type="stmt"/>
      <line num="2" count="1" type="stmt"/>
      <line num="3" count="1" type="stmt"/>
      <line num="4" count="1" type="stmt"/>
      <line num="5" count="1" type="stmt"/>
      <line num="6" count="1" type="stmt"/>
      <line num="10" count="12" type="stmt"/>
      <line num="11" count="12" type="stmt"/>
      <line num="12" count="12" type="stmt"/>
      <line num="13" count="12" type="stmt"/>
      <line num="14" count="12" type="stmt"/>
      <line num="15" count="12" type="stmt"/>
      <line num="16" count="12" type="stmt"/>
      <line num="17" count="12" type="stmt"/>
      <line num="20" count="12" type="stmt"/>
      <line num="23" count="12" type="stmt"/>
      <line num="28" count="12" type="stmt"/>
      <line num="31" count="11" type="stmt"/>
      <line num="34" count="11" type="stmt"/>
      <line num="37" count="11" type="stmt"/>
      <line num="40" count="21" type="stmt"/>
      <line num="43" count="11" type="stmt"/>
      <line num="48" count="11" type="cond" truecount="2" falsecount="0"/>
      <line num="49" count="10" type="stmt"/>
      <line num="52" count="1" type="stmt"/>
    </file>
    <file name="HashStrategy.js" path="C:\Users\Marcela\Downloads\git\BlockChainTyH\HashStrategy.js">
      <metrics statements="2" coveredstatements="2" conditionals="0" coveredconditionals="0" methods="1" coveredmethods="1"/>
      <line num="3" count="1" type="stmt"/>
      <line num="6" count="1" type="stmt"/>
    </file>
    <file name="MD5HashStrategy.js" path="C:\Users\Marcela\Downloads\git\BlockChainTyH\MD5HashStrategy.js">
      <metrics statements="5" coveredstatements="5" conditionals="0" coveredconditionals="0" methods="1" coveredmethods="1"/>
      <line num="1" count="1" type="stmt"/>
      <line num="2" count="1" type="stmt"/>
      <line num="6" count="72" type="stmt"/>
      <line num="7" count="72" type="stmt"/>
      <line num="10" count="1" type="stmt"/>
    </file>
    <file name="Nodo.js" path="C:\Users\Marcela\Downloads\git\BlockChainTyH\Nodo.js">
      <metrics statements="34" coveredstatements="34" conditionals="4" coveredconditionals="4" methods="13" coveredmethods="13"/>
      <line num="1" count="1" type="stmt"/>
      <line num="2" count="1" type="stmt"/>
      <line num="3" count="1" type="stmt"/>
      <line num="4" count="1" type="stmt"/>
      <line num="5" count="1" type="stmt"/>
      <line num="9" count="14" type="stmt"/>
      <line num="10" count="14" type="stmt"/>
      <line num="11" count="14" type="cond" truecount="2" falsecount="0"/>
      <line num="12" count="14" type="stmt"/>
      <line num="13" count="14" type="stmt"/>
      <line num="14" count="14" type="stmt"/>
      <line num="17" count="12" type="stmt"/>
      <line num="20" count="35" type="stmt"/>
      <line num="21" count="33" type="stmt"/>
      <line num="24" count="2" type="stmt"/>
      <line num="27" count="8" type="stmt"/>
      <line num="30" count="80" type="stmt"/>
      <line num="32" count="8" type="stmt"/>
      <line num="33" count="8" type="stmt"/>
      <line num="36" count="8" type="stmt"/>
      <line num="37" count="8" type="stmt"/>
      <line num="38" count="8" type="stmt"/>
      <line num="41" count="2" type="stmt"/>
      <line num="42" count="6" type="stmt"/>
      <line num="46" count="33" type="cond" truecount="2" falsecount="0"/>
      <line num="47" count="2" type="stmt"/>
      <line num="48" count="2" type="stmt"/>
      <line num="49" count="2" type="stmt"/>
      <line num="50" count="2" type="stmt"/>
      <line num="51" count="2" type="stmt"/>
      <line num="55" count="1" type="stmt"/>
      <line num="58" count="1" type="stmt"/>
      <line num="61" count="3" type="stmt"/>
      <line num="64" count="1" type="stmt"/>
    </file>
    <file name="SHA256HashStrategy.js" path="C:\Users\Marcela\Downloads\git\BlockChainTyH\SHA256HashStrategy.js">
      <metrics statements="5" coveredstatements="5" conditionals="0" coveredconditionals="0" methods="1" coveredmethods="1"/>
      <line num="1" count="1" type="stmt"/>
      <line num="2" count="1" type="stmt"/>
      <line num="6" count="79" type="stmt"/>
      <line num="7" count="79" type="stmt"/>
      <line num="10" count="1" type="stmt"/>
    </file>
    <file name="Token.js" path="C:\Users\Marcela\Downloads\git\BlockChainTyH\Token.js">
      <metrics statements="3" coveredstatements="3" conditionals="0" coveredconditionals="0" methods="2" coveredmethods="2"/>
      <line num="3" count="13" type="stmt"/>
      <line num="6" count="13" type="stmt"/>
      <line num="9" count="1" type="stmt"/>
    </file>
    <file name="Transaccion.js" path="C:\Users\Marcela\Downloads\git\BlockChainTyH\Transaccion.js">
      <metrics statements="2" coveredstatements="2" conditionals="0" coveredconditionals="0" methods="2" coveredmethods="1"/>
      <line num="3" count="9" type="stmt"/>
      <line num="9" count="1" type="stmt"/>
    </file>
    <file name="TransaccionCompuesta.js" path="C:\Users\Marcela\Downloads\git\BlockChainTyH\TransaccionCompuesta.js">
      <metrics statements="20" coveredstatements="20" conditionals="8" coveredconditionals="8" methods="6" coveredmethods="6"/>
      <line num="1" count="1" type="stmt"/>
      <line num="2" count="1" type="stmt"/>
      <line num="3" count="1" type="stmt"/>
      <line num="7" count="8" type="stmt"/>
      <line num="8" count="8" type="stmt"/>
      <line num="9" count="8" type="stmt"/>
      <line num="10" count="8" type="stmt"/>
      <line num="13" count="23" type="cond" truecount="4" falsecount="0"/>
      <line num="14" count="1" type="stmt"/>
      <line num="18" count="23" type="stmt"/>
      <line num="19" count="22" type="cond" truecount="2" falsecount="0"/>
      <line num="20" count="1" type="stmt"/>
      <line num="22" count="21" type="cond" truecount="2" falsecount="0"/>
      <line num="23" count="20" type="stmt"/>
      <line num="26" count="1" type="stmt"/>
      <line num="30" count="23" type="stmt"/>
      <line num="33" count="4" type="stmt"/>
      <line num="34" count="11" type="stmt"/>
      <line num="36" count="4" type="stmt"/>
      <line num="39" count="1" type="stmt"/>
    </file>
    <file name="TransaccionSimple.js" path="C:\Users\Marcela\Downloads\git\BlockChainTyH\TransaccionSimple.js">
      <metrics statements="22" coveredstatements="22" conditionals="2" coveredconditionals="2" methods="8" coveredmethods="8"/>
      <line num="1" count="1" type="stmt"/>
      <line num="2" count="1" type="stmt"/>
      <line num="3" count="1" type="stmt"/>
      <line num="7" count="54" type="stmt"/>
      <line num="8" count="54" type="stmt"/>
      <line num="9" count="54" type="stmt"/>
      <line num="10" count="54" type="stmt"/>
      <line num="11" count="54" type="stmt"/>
      <line num="12" count="54" type="stmt"/>
      <line num="13" count="54" type="stmt"/>
      <line num="14" count="54" type="stmt"/>
      <line num="17" count="54" type="stmt"/>
      <line num="22" count="54" type="stmt"/>
      <line num="25" count="54" type="stmt"/>
      <line num="28" count="62" type="stmt"/>
      <line num="31" count="62" type="stmt"/>
      <line num="34" count="62" type="stmt"/>
      <line num="37" count="152" type="stmt"/>
      <line num="40" count="62" type="stmt"/>
      <line num="45" count="62" type="cond" truecount="2" falsecount="0"/>
      <line num="46" count="60" type="stmt"/>
      <line num="49" count="1" type="stmt"/>
    </file>
  </project>
</coverage>
