<?xml version="1.0" encoding="UTF-8"?>
<coverage generated="1691102057706" clover="3.2.0">
  <project timestamp="1691102057706" name="All files">
    <metrics statements="145" coveredstatements="145" conditionals="24" coveredconditionals="24" methods="49" coveredmethods="48" elements="218" coveredelements="217" complexity="0" loc="145" ncloc="145" packages="1" files="10" classes="10"/>
    <file name="Bloque.js" path="D:\blockchain\Bloque.js">
      <metrics statements="27" coveredstatements="27" conditionals="8" coveredconditionals="8" methods="7" coveredmethods="7"/>
      <line num="1" count="1" type="stmt"/>
      <line num="2" count="1" type="stmt"/>
      <line num="3" count="1" type="stmt"/>
      <line num="4" count="1" type="stmt"/>
      <line num="8" count="17" type="stmt"/>
      <line num="9" count="17" type="stmt"/>
      <line num="10" count="17" type="stmt"/>
      <line num="11" count="17" type="stmt"/>
      <line num="12" count="17" type="stmt"/>
      <line num="16" count="2" type="stmt"/>
      <line num="17" count="2" type="stmt"/>
      <line num="18" count="20" type="stmt"/>
      <line num="19" count="2" type="stmt"/>
      <line num="25" count="2" type="stmt"/>
      <line num="27" count="2" type="stmt"/>
      <line num="32" count="13" type="cond" truecount="2" falsecount="0"/>
      <line num="34" count="12" type="cond" truecount="2" falsecount="0"/>
      <line num="35" count="11" type="stmt"/>
      <line num="38" count="1" type="stmt"/>
      <line num="42" count="1" type="stmt"/>
      <line num="46" count="38" type="cond" truecount="2" falsecount="0"/>
      <line num="49" count="37" type="cond" truecount="2" falsecount="0"/>
      <line num="50" count="36" type="stmt"/>
      <line num="53" count="1" type="stmt"/>
      <line num="61" count="37" type="stmt"/>
      <line num="64" count="8" type="stmt"/>
      <line num="87" count="1" type="stmt"/>
    </file>
    <file name="Coinbase.js" path="D:\blockchain\Coinbase.js">
      <metrics statements="25" coveredstatements="25" conditionals="2" coveredconditionals="2" methods="8" coveredmethods="8"/>
      <line num="1" count="1" type="stmt"/>
      <line num="2" count="1" type="stmt"/>
      <line num="3" count="1" type="stmt"/>
      <line num="4" count="1" type="stmt"/>
      <line num="5" count="1" type="stmt"/>
      <line num="6" count="1" type="stmt"/>
      <line num="10" count="13" type="stmt"/>
      <line num="11" count="13" type="stmt"/>
      <line num="12" count="13" type="stmt"/>
      <line num="13" count="13" type="stmt"/>
      <line num="14" count="13" type="stmt"/>
      <line num="15" count="13" type="stmt"/>
      <line num="16" count="13" type="stmt"/>
      <line num="17" count="13" type="stmt"/>
      <line num="20" count="13" type="stmt"/>
      <line num="24" count="13" type="stmt"/>
      <line num="30" count="13" type="stmt"/>
      <line num="45" count="12" type="stmt"/>
      <line num="48" count="12" type="stmt"/>
      <line num="51" count="12" type="stmt"/>
      <line num="54" count="22" type="stmt"/>
      <line num="57" count="12" type="stmt"/>
      <line num="63" count="12" type="cond" truecount="2" falsecount="0"/>
      <line num="64" count="11" type="stmt"/>
      <line num="68" count="1" type="stmt"/>
    </file>
    <file name="HashStrategy.js" path="D:\blockchain\HashStrategy.js">
      <metrics statements="2" coveredstatements="2" conditionals="0" coveredconditionals="0" methods="1" coveredmethods="1"/>
      <line num="3" count="1" type="stmt"/>
      <line num="7" count="1" type="stmt"/>
    </file>
    <file name="MD5HashStrategy.js" path="D:\blockchain\MD5HashStrategy.js">
      <metrics statements="5" coveredstatements="5" conditionals="0" coveredconditionals="0" methods="1" coveredmethods="1"/>
      <line num="1" count="1" type="stmt"/>
      <line num="2" count="1" type="stmt"/>
      <line num="6" count="72" type="stmt"/>
      <line num="7" count="72" type="stmt"/>
      <line num="11" count="1" type="stmt"/>
    </file>
    <file name="Nodo.js" path="D:\blockchain\Nodo.js">
      <metrics statements="34" coveredstatements="34" conditionals="4" coveredconditionals="4" methods="13" coveredmethods="13"/>
      <line num="1" count="1" type="stmt"/>
      <line num="2" count="1" type="stmt"/>
      <line num="3" count="1" type="stmt"/>
      <line num="4" count="1" type="stmt"/>
      <line num="5" count="1" type="stmt"/>
      <line num="9" count="15" type="stmt"/>
      <line num="10" count="15" type="stmt"/>
      <line num="11" count="15" type="cond" truecount="2" falsecount="0"/>
      <line num="12" count="15" type="stmt"/>
      <line num="13" count="15" type="stmt"/>
      <line num="14" count="15" type="stmt"/>
      <line num="17" count="13" type="stmt"/>
      <line num="20" count="38" type="stmt"/>
      <line num="21" count="36" type="stmt"/>
      <line num="24" count="2" type="stmt"/>
      <line num="27" count="8" type="stmt"/>
      <line num="30" count="80" type="stmt"/>
      <line num="32" count="8" type="stmt"/>
      <line num="33" count="8" type="stmt"/>
      <line num="36" count="8" type="stmt"/>
      <line num="37" count="8" type="stmt"/>
      <line num="38" count="8" type="stmt"/>
      <line num="41" count="2" type="stmt"/>
      <line num="42" count="6" type="stmt"/>
      <line num="52" count="36" type="cond" truecount="2" falsecount="0"/>
      <line num="53" count="2" type="stmt"/>
      <line num="54" count="2" type="stmt"/>
      <line num="55" count="2" type="stmt"/>
      <line num="56" count="2" type="stmt"/>
      <line num="57" count="2" type="stmt"/>
      <line num="61" count="1" type="stmt"/>
      <line num="64" count="1" type="stmt"/>
      <line num="67" count="3" type="stmt"/>
      <line num="72" count="1" type="stmt"/>
    </file>
    <file name="SHA256HashStrategy.js" path="D:\blockchain\SHA256HashStrategy.js">
      <metrics statements="5" coveredstatements="5" conditionals="0" coveredconditionals="0" methods="1" coveredmethods="1"/>
      <line num="1" count="1" type="stmt"/>
      <line num="2" count="1" type="stmt"/>
      <line num="6" count="101" type="stmt"/>
      <line num="7" count="101" type="stmt"/>
      <line num="11" count="1" type="stmt"/>
    </file>
    <file name="Token.js" path="D:\blockchain\Token.js">
      <metrics statements="3" coveredstatements="3" conditionals="0" coveredconditionals="0" methods="2" coveredmethods="2"/>
      <line num="3" count="14" type="stmt"/>
      <line num="7" count="14" type="stmt"/>
      <line num="10" count="1" type="stmt"/>
    </file>
    <file name="Transaccion.js" path="D:\blockchain\Transaccion.js">
      <metrics statements="2" coveredstatements="2" conditionals="0" coveredconditionals="0" methods="2" coveredmethods="1"/>
      <line num="3" count="9" type="stmt"/>
      <line num="9" count="1" type="stmt"/>
    </file>
    <file name="TransaccionCompuesta.js" path="D:\blockchain\TransaccionCompuesta.js">
      <metrics statements="20" coveredstatements="20" conditionals="8" coveredconditionals="8" methods="6" coveredmethods="6"/>
      <line num="1" count="1" type="stmt"/>
      <line num="2" count="1" type="stmt"/>
      <line num="3" count="1" type="stmt"/>
      <line num="7" count="10" type="stmt"/>
      <line num="8" count="10" type="stmt"/>
      <line num="9" count="10" type="stmt"/>
      <line num="10" count="10" type="stmt"/>
      <line num="14" count="29" type="cond" truecount="4" falsecount="0"/>
      <line num="15" count="1" type="stmt"/>
      <line num="19" count="29" type="stmt"/>
      <line num="20" count="28" type="cond" truecount="2" falsecount="0"/>
      <line num="21" count="1" type="stmt"/>
      <line num="24" count="27" type="cond" truecount="2" falsecount="0"/>
      <line num="25" count="26" type="stmt"/>
      <line num="28" count="1" type="stmt"/>
      <line num="32" count="29" type="stmt"/>
      <line num="47" count="8" type="stmt"/>
      <line num="48" count="20" type="stmt"/>
      <line num="51" count="8" type="stmt"/>
      <line num="55" count="1" type="stmt"/>
    </file>
    <file name="TransaccionSimple.js" path="D:\blockchain\TransaccionSimple.js">
      <metrics statements="22" coveredstatements="22" conditionals="2" coveredconditionals="2" methods="8" coveredmethods="8"/>
      <line num="1" count="1" type="stmt"/>
      <line num="2" count="1" type="stmt"/>
      <line num="3" count="1" type="stmt"/>
      <line num="7" count="60" type="stmt"/>
      <line num="8" count="60" type="stmt"/>
      <line num="9" count="60" type="stmt"/>
      <line num="10" count="60" type="stmt"/>
      <line num="11" count="60" type="stmt"/>
      <line num="12" count="60" type="stmt"/>
      <line num="13" count="60" type="stmt"/>
      <line num="14" count="60" type="stmt"/>
      <line num="18" count="60" type="stmt"/>
      <line num="24" count="60" type="stmt"/>
      <line num="38" count="60" type="stmt"/>
      <line num="41" count="76" type="stmt"/>
      <line num="44" count="76" type="stmt"/>
      <line num="47" count="76" type="stmt"/>
      <line num="50" count="166" type="stmt"/>
      <line num="57" count="76" type="stmt"/>
      <line num="62" count="76" type="cond" truecount="2" falsecount="0"/>
      <line num="63" count="74" type="stmt"/>
      <line num="67" count="1" type="stmt"/>
    </file>
  </project>
</coverage>
