{"C:\\Users\\Marcela\\Downloads\\git\\BlockChainTyH\\Bloque.js": {"path":"C:\\Users\\Marcela\\Downloads\\git\\BlockChainTyH\\Bloque.js","statementMap":{"0":{"start":{"line":1,"column":23},"end":{"line":1,"column":38}},"1":{"start":{"line":2,"column":15},"end":{"line":2,"column":32}},"2":{"start":{"line":3,"column":21},"end":{"line":3,"column":46}},"3":{"start":{"line":4,"column":18},"end":{"line":4,"column":39}},"4":{"start":{"line":8,"column":8},"end":{"line":8,"column":33}},"5":{"start":{"line":9,"column":8},"end":{"line":9,"column":28}},"6":{"start":{"line":10,"column":8},"end":{"line":10,"column":24}},"7":{"start":{"line":11,"column":8},"end":{"line":11,"column":33}},"8":{"start":{"line":12,"column":8},"end":{"line":12,"column":42}},"9":{"start":{"line":16,"column":8},"end":{"line":16,"column":47}},"10":{"start":{"line":17,"column":8},"end":{"line":17,"column":56}},"11":{"start":{"line":18,"column":36},"end":{"line":18,"column":102}},"12":{"start":{"line":18,"column":75},"end":{"line":18,"column":101}},"13":{"start":{"line":19,"column":21},"end":{"line":23,"column":10}},"14":{"start":{"line":24,"column":8},"end":{"line":24,"column":60}},"15":{"start":{"line":25,"column":8},"end":{"line":25,"column":26}},"16":{"start":{"line":29,"column":8},"end":{"line":38,"column":9}},"17":{"start":{"line":30,"column":12},"end":{"line":35,"column":13}},"18":{"start":{"line":31,"column":16},"end":{"line":31,"column":51}},"19":{"start":{"line":34,"column":16},"end":{"line":34,"column":60}},"20":{"start":{"line":37,"column":12},"end":{"line":37,"column":58}},"21":{"start":{"line":41,"column":8},"end":{"line":41,"column":99}},"22":{"start":{"line":41,"column":46},"end":{"line":41,"column":99}},"23":{"start":{"line":42,"column":8},"end":{"line":47,"column":9}},"24":{"start":{"line":43,"column":12},"end":{"line":43,"column":50}},"25":{"start":{"line":46,"column":12},"end":{"line":46,"column":68}},"26":{"start":{"line":50,"column":8},"end":{"line":50,"column":42}},"27":{"start":{"line":53,"column":8},"end":{"line":53,"column":31}},"28":{"start":{"line":56,"column":0},"end":{"line":56,"column":24}}},"fnMap":{"0":{"name":"(anonymous_0)","decl":{"start":{"line":7,"column":4},"end":{"line":7,"column":5}},"loc":{"start":{"line":7,"column":30},"end":{"line":13,"column":5}},"line":7},"1":{"name":"(anonymous_1)","decl":{"start":{"line":15,"column":4},"end":{"line":15,"column":5}},"loc":{"start":{"line":15,"column":34},"end":{"line":26,"column":5}},"line":15},"2":{"name":"(anonymous_2)","decl":{"start":{"line":18,"column":60},"end":{"line":18,"column":61}},"loc":{"start":{"line":18,"column":75},"end":{"line":18,"column":101}},"line":18},"3":{"name":"(anonymous_3)","decl":{"start":{"line":28,"column":4},"end":{"line":28,"column":5}},"loc":{"start":{"line":28,"column":26},"end":{"line":39,"column":5}},"line":28},"4":{"name":"(anonymous_4)","decl":{"start":{"line":40,"column":4},"end":{"line":40,"column":5}},"loc":{"start":{"line":40,"column":32},"end":{"line":48,"column":5}},"line":40},"5":{"name":"(anonymous_5)","decl":{"start":{"line":49,"column":4},"end":{"line":49,"column":5}},"loc":{"start":{"line":49,"column":23},"end":{"line":51,"column":5}},"line":49},"6":{"name":"(anonymous_6)","decl":{"start":{"line":52,"column":4},"end":{"line":52,"column":5}},"loc":{"start":{"line":52,"column":23},"end":{"line":54,"column":5}},"line":52}},"branchMap":{"0":{"loc":{"start":{"line":29,"column":8},"end":{"line":38,"column":9}},"type":"if","locations":[{"start":{"line":29,"column":8},"end":{"line":38,"column":9}},{"start":{"line":36,"column":15},"end":{"line":38,"column":9}}],"line":29},"1":{"loc":{"start":{"line":30,"column":12},"end":{"line":35,"column":13}},"type":"if","locations":[{"start":{"line":30,"column":12},"end":{"line":35,"column":13}},{"start":{"line":33,"column":15},"end":{"line":35,"column":13}}],"line":30},"2":{"loc":{"start":{"line":41,"column":8},"end":{"line":41,"column":99}},"type":"if","locations":[{"start":{"line":41,"column":8},"end":{"line":41,"column":99}},{"start":{},"end":{}}],"line":41},"3":{"loc":{"start":{"line":42,"column":8},"end":{"line":47,"column":9}},"type":"if","locations":[{"start":{"line":42,"column":8},"end":{"line":47,"column":9}},{"start":{"line":45,"column":12},"end":{"line":47,"column":9}}],"line":42}},"s":{"0":1,"1":1,"2":1,"3":1,"4":16,"5":16,"6":16,"7":16,"8":16,"9":2,"10":2,"11":2,"12":20,"13":2,"14":2,"15":2,"16":12,"17":11,"18":10,"19":1,"20":1,"21":35,"22":1,"23":34,"24":33,"25":1,"26":34,"27":8,"28":1},"f":{"0":16,"1":2,"2":20,"3":12,"4":35,"5":34,"6":8},"b":{"0":[11,1],"1":[10,1],"2":[1,34],"3":[33,1]},"_coverageSchema":"1a1c01bbd47fc00a2c39e90264f33305004495a9","hash":"ceaefb9bf84cacf25cf2929171054cd7c6a3582b"}
,"C:\\Users\\Marcela\\Downloads\\git\\BlockChainTyH\\Coinbase.js": {"path":"C:\\Users\\Marcela\\Downloads\\git\\BlockChainTyH\\Coinbase.js","statementMap":{"0":{"start":{"line":1,"column":23},"end":{"line":1,"column":38}},"1":{"start":{"line":2,"column":14},"end":{"line":2,"column":32}},"2":{"start":{"line":3,"column":15},"end":{"line":3,"column":32}},"3":{"start":{"line":4,"column":21},"end":{"line":4,"column":46}},"4":{"start":{"line":5,"column":27},"end":{"line":5,"column":58}},"5":{"start":{"line":6,"column":24},"end":{"line":6,"column":52}},"6":{"start":{"line":10,"column":8},"end":{"line":10,"column":22}},"7":{"start":{"line":11,"column":8},"end":{"line":11,"column":30}},"8":{"start":{"line":12,"column":8},"end":{"line":12,"column":24}},"9":{"start":{"line":13,"column":24},"end":{"line":13,"column":32}},"10":{"start":{"line":14,"column":22},"end":{"line":14,"column":40}},"11":{"start":{"line":15,"column":8},"end":{"line":15,"column":51}},"12":{"start":{"line":16,"column":8},"end":{"line":16,"column":42}},"13":{"start":{"line":17,"column":8},"end":{"line":17,"column":27}},"14":{"start":{"line":20,"column":8},"end":{"line":20,"column":26}},"15":{"start":{"line":23,"column":21},"end":{"line":27,"column":10}},"16":{"start":{"line":28,"column":8},"end":{"line":28,"column":60}},"17":{"start":{"line":31,"column":8},"end":{"line":31,"column":25}},"18":{"start":{"line":34,"column":8},"end":{"line":34,"column":24}},"19":{"start":{"line":37,"column":8},"end":{"line":37,"column":25}},"20":{"start":{"line":40,"column":8},"end":{"line":40,"column":26}},"21":{"start":{"line":43,"column":21},"end":{"line":47,"column":10}},"22":{"start":{"line":48,"column":8},"end":{"line":49,"column":24}},"23":{"start":{"line":49,"column":12},"end":{"line":49,"column":24}},"24":{"start":{"line":52,"column":0},"end":{"line":52,"column":26}}},"fnMap":{"0":{"name":"(anonymous_0)","decl":{"start":{"line":9,"column":4},"end":{"line":9,"column":5}},"loc":{"start":{"line":9,"column":45},"end":{"line":18,"column":5}},"line":9},"1":{"name":"(anonymous_1)","decl":{"start":{"line":19,"column":4},"end":{"line":19,"column":5}},"loc":{"start":{"line":19,"column":27},"end":{"line":21,"column":5}},"line":19},"2":{"name":"(anonymous_2)","decl":{"start":{"line":22,"column":4},"end":{"line":22,"column":5}},"loc":{"start":{"line":22,"column":18},"end":{"line":29,"column":5}},"line":22},"3":{"name":"(anonymous_3)","decl":{"start":{"line":30,"column":4},"end":{"line":30,"column":5}},"loc":{"start":{"line":30,"column":18},"end":{"line":32,"column":5}},"line":30},"4":{"name":"(anonymous_4)","decl":{"start":{"line":33,"column":4},"end":{"line":33,"column":5}},"loc":{"start":{"line":33,"column":17},"end":{"line":35,"column":5}},"line":33},"5":{"name":"(anonymous_5)","decl":{"start":{"line":36,"column":4},"end":{"line":36,"column":5}},"loc":{"start":{"line":36,"column":18},"end":{"line":38,"column":5}},"line":36},"6":{"name":"(anonymous_6)","decl":{"start":{"line":39,"column":4},"end":{"line":39,"column":5}},"loc":{"start":{"line":39,"column":19},"end":{"line":41,"column":5}},"line":39},"7":{"name":"(anonymous_7)","decl":{"start":{"line":42,"column":4},"end":{"line":42,"column":5}},"loc":{"start":{"line":42,"column":14},"end":{"line":50,"column":5}},"line":42}},"branchMap":{"0":{"loc":{"start":{"line":48,"column":8},"end":{"line":49,"column":24}},"type":"if","locations":[{"start":{"line":48,"column":8},"end":{"line":49,"column":24}},{"start":{},"end":{}}],"line":48}},"s":{"0":1,"1":1,"2":1,"3":1,"4":1,"5":1,"6":12,"7":12,"8":12,"9":12,"10":12,"11":12,"12":12,"13":12,"14":12,"15":12,"16":12,"17":11,"18":11,"19":11,"20":21,"21":11,"22":11,"23":10,"24":1},"f":{"0":12,"1":12,"2":12,"3":11,"4":11,"5":11,"6":21,"7":11},"b":{"0":[10,1]},"_coverageSchema":"1a1c01bbd47fc00a2c39e90264f33305004495a9","hash":"75992bd51352061eabfdca8fe2b3a0b6ff3a1d6b"}
,"C:\\Users\\Marcela\\Downloads\\git\\BlockChainTyH\\HashStrategy.js": {"path":"C:\\Users\\Marcela\\Downloads\\git\\BlockChainTyH\\HashStrategy.js","statementMap":{"0":{"start":{"line":3,"column":4},"end":{"line":3,"column":80}},"1":{"start":{"line":6,"column":0},"end":{"line":6,"column":30}}},"fnMap":{"0":{"name":"(anonymous_0)","decl":{"start":{"line":2,"column":2},"end":{"line":2,"column":3}},"loc":{"start":{"line":2,"column":22},"end":{"line":4,"column":3}},"line":2}},"branchMap":{},"s":{"0":1,"1":1},"f":{"0":1},"b":{},"_coverageSchema":"1a1c01bbd47fc00a2c39e90264f33305004495a9","hash":"fac559377aadee7e40b2fc4da2b2f8aff14b5050"}
,"C:\\Users\\Marcela\\Downloads\\git\\BlockChainTyH\\MD5HashStrategy.js": {"path":"C:\\Users\\Marcela\\Downloads\\git\\BlockChainTyH\\MD5HashStrategy.js","statementMap":{"0":{"start":{"line":1,"column":15},"end":{"line":1,"column":32}},"1":{"start":{"line":2,"column":21},"end":{"line":2,"column":46}},"2":{"start":{"line":6,"column":19},"end":{"line":6,"column":70}},"3":{"start":{"line":7,"column":6},"end":{"line":7,"column":18}},"4":{"start":{"line":10,"column":0},"end":{"line":10,"column":33}}},"fnMap":{"0":{"name":"(anonymous_0)","decl":{"start":{"line":5,"column":2},"end":{"line":5,"column":3}},"loc":{"start":{"line":5,"column":22},"end":{"line":8,"column":5}},"line":5}},"branchMap":{},"s":{"0":1,"1":1,"2":72,"3":72,"4":1},"f":{"0":72},"b":{},"_coverageSchema":"1a1c01bbd47fc00a2c39e90264f33305004495a9","hash":"7f69f25899325d0e65521f2996c4faa86f1f832a"}
,"C:\\Users\\Marcela\\Downloads\\git\\BlockChainTyH\\Nodo.js": {"path":"C:\\Users\\Marcela\\Downloads\\git\\BlockChainTyH\\Nodo.js","statementMap":{"0":{"start":{"line":1,"column":15},"end":{"line":1,"column":34}},"1":{"start":{"line":2,"column":15},"end":{"line":2,"column":32}},"2":{"start":{"line":3,"column":21},"end":{"line":3,"column":46}},"3":{"start":{"line":4,"column":24},"end":{"line":4,"column":52}},"4":{"start":{"line":5,"column":27},"end":{"line":5,"column":58}},"5":{"start":{"line":9,"column":8},"end":{"line":9,"column":32}},"6":{"start":{"line":10,"column":8},"end":{"line":10,"column":28}},"7":{"start":{"line":11,"column":8},"end":{"line":11,"column":102}},"8":{"start":{"line":12,"column":8},"end":{"line":12,"column":61}},"9":{"start":{"line":13,"column":8},"end":{"line":13,"column":34}},"10":{"start":{"line":14,"column":8},"end":{"line":14,"column":32}},"11":{"start":{"line":17,"column":8},"end":{"line":17,"column":50}},"12":{"start":{"line":20,"column":8},"end":{"line":20,"column":56}},"13":{"start":{"line":21,"column":8},"end":{"line":21,"column":27}},"14":{"start":{"line":24,"column":8},"end":{"line":24,"column":61}},"15":{"start":{"line":27,"column":21},"end":{"line":31,"column":10}},"16":{"start":{"line":30,"column":79},"end":{"line":30,"column":105}},"17":{"start":{"line":32,"column":31},"end":{"line":32,"column":69}},"18":{"start":{"line":33,"column":8},"end":{"line":33,"column":54}},"19":{"start":{"line":36,"column":8},"end":{"line":36,"column":40}},"20":{"start":{"line":37,"column":8},"end":{"line":37,"column":39}},"21":{"start":{"line":38,"column":8},"end":{"line":38,"column":46}},"22":{"start":{"line":41,"column":8},"end":{"line":43,"column":11}},"23":{"start":{"line":42,"column":12},"end":{"line":42,"column":78}},"24":{"start":{"line":46,"column":8},"end":{"line":52,"column":9}},"25":{"start":{"line":47,"column":12},"end":{"line":47,"column":89}},"26":{"start":{"line":48,"column":12},"end":{"line":48,"column":54}},"27":{"start":{"line":49,"column":12},"end":{"line":49,"column":70}},"28":{"start":{"line":50,"column":12},"end":{"line":50,"column":78}},"29":{"start":{"line":51,"column":12},"end":{"line":51,"column":33}},"30":{"start":{"line":55,"column":8},"end":{"line":55,"column":35}},"31":{"start":{"line":58,"column":8},"end":{"line":58,"column":35}},"32":{"start":{"line":61,"column":8},"end":{"line":61,"column":31}},"33":{"start":{"line":64,"column":0},"end":{"line":64,"column":22}}},"fnMap":{"0":{"name":"(anonymous_0)","decl":{"start":{"line":8,"column":4},"end":{"line":8,"column":5}},"loc":{"start":{"line":8,"column":45},"end":{"line":15,"column":5}},"line":8},"1":{"name":"(anonymous_1)","decl":{"start":{"line":16,"column":4},"end":{"line":16,"column":5}},"loc":{"start":{"line":16,"column":29},"end":{"line":18,"column":5}},"line":16},"2":{"name":"(anonymous_2)","decl":{"start":{"line":19,"column":4},"end":{"line":19,"column":5}},"loc":{"start":{"line":19,"column":35},"end":{"line":22,"column":5}},"line":19},"3":{"name":"(anonymous_3)","decl":{"start":{"line":23,"column":4},"end":{"line":23,"column":5}},"loc":{"start":{"line":23,"column":19},"end":{"line":25,"column":5}},"line":23},"4":{"name":"(anonymous_4)","decl":{"start":{"line":26,"column":4},"end":{"line":26,"column":5}},"loc":{"start":{"line":26,"column":31},"end":{"line":34,"column":7}},"line":26},"5":{"name":"(anonymous_5)","decl":{"start":{"line":30,"column":64},"end":{"line":30,"column":65}},"loc":{"start":{"line":30,"column":79},"end":{"line":30,"column":105}},"line":30},"6":{"name":"(anonymous_6)","decl":{"start":{"line":35,"column":4},"end":{"line":35,"column":5}},"loc":{"start":{"line":35,"column":51},"end":{"line":39,"column":5}},"line":35},"7":{"name":"(anonymous_7)","decl":{"start":{"line":40,"column":4},"end":{"line":40,"column":5}},"loc":{"start":{"line":40,"column":22},"end":{"line":44,"column":5}},"line":40},"8":{"name":"(anonymous_8)","decl":{"start":{"line":41,"column":28},"end":{"line":41,"column":29}},"loc":{"start":{"line":41,"column":38},"end":{"line":43,"column":9}},"line":41},"9":{"name":"(anonymous_9)","decl":{"start":{"line":45,"column":4},"end":{"line":45,"column":5}},"loc":{"start":{"line":45,"column":17},"end":{"line":53,"column":5}},"line":45},"10":{"name":"(anonymous_10)","decl":{"start":{"line":54,"column":4},"end":{"line":54,"column":5}},"loc":{"start":{"line":54,"column":20},"end":{"line":56,"column":5}},"line":54},"11":{"name":"(anonymous_11)","decl":{"start":{"line":57,"column":4},"end":{"line":57,"column":5}},"loc":{"start":{"line":57,"column":27},"end":{"line":59,"column":5}},"line":57},"12":{"name":"(anonymous_12)","decl":{"start":{"line":60,"column":4},"end":{"line":60,"column":5}},"loc":{"start":{"line":60,"column":21},"end":{"line":62,"column":5}},"line":60}},"branchMap":{"0":{"loc":{"start":{"line":11,"column":29},"end":{"line":11,"column":101}},"type":"cond-expr","locations":[{"start":{"line":11,"column":53},"end":{"line":11,"column":77}},{"start":{"line":11,"column":80},"end":{"line":11,"column":101}}],"line":11},"1":{"loc":{"start":{"line":46,"column":8},"end":{"line":52,"column":9}},"type":"if","locations":[{"start":{"line":46,"column":8},"end":{"line":52,"column":9}},{"start":{},"end":{}}],"line":46}},"s":{"0":1,"1":1,"2":1,"3":1,"4":1,"5":14,"6":14,"7":14,"8":14,"9":14,"10":14,"11":12,"12":35,"13":33,"14":2,"15":8,"16":80,"17":8,"18":8,"19":8,"20":8,"21":8,"22":2,"23":6,"24":33,"25":2,"26":2,"27":2,"28":2,"29":2,"30":1,"31":1,"32":3,"33":1},"f":{"0":14,"1":12,"2":35,"3":2,"4":8,"5":80,"6":8,"7":2,"8":6,"9":33,"10":1,"11":1,"12":3},"b":{"0":[8,6],"1":[2,31]},"_coverageSchema":"1a1c01bbd47fc00a2c39e90264f33305004495a9","hash":"4f91718e6dde91faf06d8fdf34dbf1c4ca94e28f"}
,"C:\\Users\\Marcela\\Downloads\\git\\BlockChainTyH\\SHA256HashStrategy.js": {"path":"C:\\Users\\Marcela\\Downloads\\git\\BlockChainTyH\\SHA256HashStrategy.js","statementMap":{"0":{"start":{"line":1,"column":15},"end":{"line":1,"column":32}},"1":{"start":{"line":2,"column":21},"end":{"line":2,"column":46}},"2":{"start":{"line":6,"column":17},"end":{"line":6,"column":71}},"3":{"start":{"line":7,"column":4},"end":{"line":7,"column":16}},"4":{"start":{"line":10,"column":0},"end":{"line":10,"column":36}}},"fnMap":{"0":{"name":"(anonymous_0)","decl":{"start":{"line":5,"column":2},"end":{"line":5,"column":3}},"loc":{"start":{"line":5,"column":22},"end":{"line":8,"column":3}},"line":5}},"branchMap":{},"s":{"0":1,"1":1,"2":79,"3":79,"4":1},"f":{"0":79},"b":{},"_coverageSchema":"1a1c01bbd47fc00a2c39e90264f33305004495a9","hash":"b5a67a478e461f031057aec7b9a8ddcc8131f08f"}
,"C:\\Users\\Marcela\\Downloads\\git\\BlockChainTyH\\Token.js": {"path":"C:\\Users\\Marcela\\Downloads\\git\\BlockChainTyH\\Token.js","statementMap":{"0":{"start":{"line":3,"column":8},"end":{"line":3,"column":28}},"1":{"start":{"line":6,"column":8},"end":{"line":6,"column":36}},"2":{"start":{"line":9,"column":0},"end":{"line":9,"column":23}}},"fnMap":{"0":{"name":"(anonymous_0)","decl":{"start":{"line":2,"column":4},"end":{"line":2,"column":5}},"loc":{"start":{"line":2,"column":23},"end":{"line":4,"column":5}},"line":2},"1":{"name":"(anonymous_1)","decl":{"start":{"line":5,"column":4},"end":{"line":5,"column":5}},"loc":{"start":{"line":5,"column":19},"end":{"line":7,"column":5}},"line":5}},"branchMap":{},"s":{"0":13,"1":13,"2":1},"f":{"0":13,"1":13},"b":{},"_coverageSchema":"1a1c01bbd47fc00a2c39e90264f33305004495a9","hash":"839f0b3ecf3a6cb14fbe062d1644db9814d16f57"}
,"C:\\Users\\Marcela\\Downloads\\git\\BlockChainTyH\\Transaccion.js": {"path":"C:\\Users\\Marcela\\Downloads\\git\\BlockChainTyH\\Transaccion.js","statementMap":{"0":{"start":{"line":3,"column":8},"end":{"line":3,"column":37}},"1":{"start":{"line":9,"column":0},"end":{"line":9,"column":29}}},"fnMap":{"0":{"name":"(anonymous_0)","decl":{"start":{"line":2,"column":4},"end":{"line":2,"column":5}},"loc":{"start":{"line":2,"column":29},"end":{"line":4,"column":5}},"line":2},"1":{"name":"(anonymous_1)","decl":{"start":{"line":5,"column":4},"end":{"line":5,"column":5}},"loc":{"start":{"line":5,"column":14},"end":{"line":7,"column":5}},"line":5}},"branchMap":{},"s":{"0":9,"1":1},"f":{"0":9,"1":0},"b":{},"_coverageSchema":"1a1c01bbd47fc00a2c39e90264f33305004495a9","hash":"e7ac72fcc2ade370711d43453a7f5b53b741fa10"}
,"C:\\Users\\Marcela\\Downloads\\git\\BlockChainTyH\\TransaccionCompuesta.js": {"path":"C:\\Users\\Marcela\\Downloads\\git\\BlockChainTyH\\TransaccionCompuesta.js","statementMap":{"0":{"start":{"line":1,"column":15},"end":{"line":1,"column":32}},"1":{"start":{"line":2,"column":21},"end":{"line":2,"column":46}},"2":{"start":{"line":3,"column":20},"end":{"line":3,"column":44}},"3":{"start":{"line":7,"column":4},"end":{"line":7,"column":12}},"4":{"start":{"line":8,"column":4},"end":{"line":8,"column":36}},"5":{"start":{"line":9,"column":4},"end":{"line":9,"column":34}},"6":{"start":{"line":10,"column":4},"end":{"line":10,"column":38}},"7":{"start":{"line":13,"column":4},"end":{"line":15,"column":5}},"8":{"start":{"line":14,"column":6},"end":{"line":14,"column":87}},"9":{"start":{"line":18,"column":4},"end":{"line":18,"column":35}},"10":{"start":{"line":19,"column":4},"end":{"line":21,"column":5}},"11":{"start":{"line":20,"column":6},"end":{"line":20,"column":56}},"12":{"start":{"line":22,"column":4},"end":{"line":27,"column":5}},"13":{"start":{"line":23,"column":6},"end":{"line":23,"column":43}},"14":{"start":{"line":26,"column":6},"end":{"line":26,"column":62}},"15":{"start":{"line":30,"column":4},"end":{"line":30,"column":45}},"16":{"start":{"line":33,"column":4},"end":{"line":35,"column":7}},"17":{"start":{"line":34,"column":4},"end":{"line":34,"column":27}},"18":{"start":{"line":36,"column":4},"end":{"line":36,"column":16}},"19":{"start":{"line":39,"column":0},"end":{"line":39,"column":38}}},"fnMap":{"0":{"name":"(anonymous_0)","decl":{"start":{"line":6,"column":2},"end":{"line":6,"column":3}},"loc":{"start":{"line":6,"column":35},"end":{"line":11,"column":3}},"line":6},"1":{"name":"(anonymous_1)","decl":{"start":{"line":12,"column":2},"end":{"line":12,"column":3}},"loc":{"start":{"line":12,"column":27},"end":{"line":16,"column":3}},"line":12},"2":{"name":"(anonymous_2)","decl":{"start":{"line":17,"column":2},"end":{"line":17,"column":3}},"loc":{"start":{"line":17,"column":36},"end":{"line":28,"column":3}},"line":17},"3":{"name":"(anonymous_3)","decl":{"start":{"line":29,"column":2},"end":{"line":29,"column":3}},"loc":{"start":{"line":29,"column":26},"end":{"line":31,"column":3}},"line":29},"4":{"name":"(anonymous_4)","decl":{"start":{"line":32,"column":2},"end":{"line":32,"column":3}},"loc":{"start":{"line":32,"column":12},"end":{"line":37,"column":3}},"line":32},"5":{"name":"(anonymous_5)","decl":{"start":{"line":33,"column":39},"end":{"line":33,"column":40}},"loc":{"start":{"line":33,"column":56},"end":{"line":35,"column":5}},"line":33}},"branchMap":{"0":{"loc":{"start":{"line":13,"column":4},"end":{"line":15,"column":5}},"type":"if","locations":[{"start":{"line":13,"column":4},"end":{"line":15,"column":5}},{"start":{},"end":{}}],"line":13},"1":{"loc":{"start":{"line":13,"column":7},"end":{"line":13,"column":58}},"type":"binary-expr","locations":[{"start":{"line":13,"column":7},"end":{"line":13,"column":16}},{"start":{"line":13,"column":20},"end":{"line":13,"column":58}}],"line":13},"2":{"loc":{"start":{"line":19,"column":4},"end":{"line":21,"column":5}},"type":"if","locations":[{"start":{"line":19,"column":4},"end":{"line":21,"column":5}},{"start":{},"end":{}}],"line":19},"3":{"loc":{"start":{"line":22,"column":4},"end":{"line":27,"column":5}},"type":"if","locations":[{"start":{"line":22,"column":4},"end":{"line":27,"column":5}},{"start":{"line":25,"column":8},"end":{"line":27,"column":5}}],"line":22}},"s":{"0":1,"1":1,"2":1,"3":8,"4":8,"5":8,"6":8,"7":23,"8":1,"9":23,"10":22,"11":1,"12":21,"13":20,"14":1,"15":23,"16":4,"17":11,"18":4,"19":1},"f":{"0":8,"1":23,"2":23,"3":23,"4":4,"5":11},"b":{"0":[1,22],"1":[23,9],"2":[1,21],"3":[20,1]},"_coverageSchema":"1a1c01bbd47fc00a2c39e90264f33305004495a9","hash":"0827ed4820a09d1e20b15b98b685e518aec72070"}
,"C:\\Users\\Marcela\\Downloads\\git\\BlockChainTyH\\TransaccionSimple.js": {"path":"C:\\Users\\Marcela\\Downloads\\git\\BlockChainTyH\\TransaccionSimple.js","statementMap":{"0":{"start":{"line":1,"column":15},"end":{"line":1,"column":32}},"1":{"start":{"line":2,"column":21},"end":{"line":2,"column":46}},"2":{"start":{"line":3,"column":20},"end":{"line":3,"column":44}},"3":{"start":{"line":7,"column":4},"end":{"line":7,"column":12}},"4":{"start":{"line":8,"column":4},"end":{"line":8,"column":18}},"5":{"start":{"line":9,"column":4},"end":{"line":9,"column":41}},"6":{"start":{"line":10,"column":4},"end":{"line":10,"column":26}},"7":{"start":{"line":11,"column":4},"end":{"line":11,"column":20}},"8":{"start":{"line":12,"column":4},"end":{"line":12,"column":35}},"9":{"start":{"line":13,"column":4},"end":{"line":13,"column":38}},"10":{"start":{"line":14,"column":4},"end":{"line":14,"column":34}},"11":{"start":{"line":17,"column":17},"end":{"line":21,"column":6}},"12":{"start":{"line":22,"column":4},"end":{"line":22,"column":50}},"13":{"start":{"line":25,"column":4},"end":{"line":25,"column":21}},"14":{"start":{"line":28,"column":4},"end":{"line":28,"column":20}},"15":{"start":{"line":31,"column":4},"end":{"line":31,"column":20}},"16":{"start":{"line":34,"column":4},"end":{"line":34,"column":21}},"17":{"start":{"line":37,"column":4},"end":{"line":37,"column":22}},"18":{"start":{"line":40,"column":17},"end":{"line":44,"column":6}},"19":{"start":{"line":45,"column":4},"end":{"line":46,"column":16}},"20":{"start":{"line":46,"column":4},"end":{"line":46,"column":16}},"21":{"start":{"line":49,"column":0},"end":{"line":49,"column":35}}},"fnMap":{"0":{"name":"(anonymous_0)","decl":{"start":{"line":6,"column":2},"end":{"line":6,"column":3}},"loc":{"start":{"line":6,"column":49},"end":{"line":15,"column":3}},"line":6},"1":{"name":"(anonymous_1)","decl":{"start":{"line":16,"column":2},"end":{"line":16,"column":3}},"loc":{"start":{"line":16,"column":28},"end":{"line":23,"column":3}},"line":16},"2":{"name":"(anonymous_2)","decl":{"start":{"line":24,"column":2},"end":{"line":24,"column":3}},"loc":{"start":{"line":24,"column":23},"end":{"line":26,"column":3}},"line":24},"3":{"name":"(anonymous_3)","decl":{"start":{"line":27,"column":2},"end":{"line":27,"column":3}},"loc":{"start":{"line":27,"column":15},"end":{"line":29,"column":3}},"line":27},"4":{"name":"(anonymous_4)","decl":{"start":{"line":30,"column":2},"end":{"line":30,"column":3}},"loc":{"start":{"line":30,"column":15},"end":{"line":32,"column":3}},"line":30},"5":{"name":"(anonymous_5)","decl":{"start":{"line":33,"column":2},"end":{"line":33,"column":3}},"loc":{"start":{"line":33,"column":16},"end":{"line":35,"column":3}},"line":33},"6":{"name":"(anonymous_6)","decl":{"start":{"line":36,"column":2},"end":{"line":36,"column":3}},"loc":{"start":{"line":36,"column":17},"end":{"line":38,"column":3}},"line":36},"7":{"name":"(anonymous_7)","decl":{"start":{"line":39,"column":2},"end":{"line":39,"column":3}},"loc":{"start":{"line":39,"column":13},"end":{"line":47,"column":3}},"line":39}},"branchMap":{"0":{"loc":{"start":{"line":45,"column":4},"end":{"line":46,"column":16}},"type":"if","locations":[{"start":{"line":45,"column":4},"end":{"line":46,"column":16}},{"start":{},"end":{}}],"line":45}},"s":{"0":1,"1":1,"2":1,"3":54,"4":54,"5":54,"6":54,"7":54,"8":54,"9":54,"10":54,"11":54,"12":54,"13":54,"14":62,"15":62,"16":62,"17":152,"18":62,"19":62,"20":60,"21":1},"f":{"0":54,"1":54,"2":54,"3":62,"4":62,"5":62,"6":152,"7":62},"b":{"0":[60,2]},"_coverageSchema":"1a1c01bbd47fc00a2c39e90264f33305004495a9","hash":"af4239f036bd1b07dec577aa2318c6930cc7db23"}
}
