{"D:\\blockchain\\Bloque.js": {"path":"D:\\blockchain\\Bloque.js","statementMap":{"0":{"start":{"line":1,"column":23},"end":{"line":1,"column":38}},"1":{"start":{"line":2,"column":15},"end":{"line":2,"column":32}},"2":{"start":{"line":3,"column":21},"end":{"line":3,"column":46}},"3":{"start":{"line":4,"column":18},"end":{"line":4,"column":39}},"4":{"start":{"line":8,"column":8},"end":{"line":8,"column":33}},"5":{"start":{"line":9,"column":8},"end":{"line":9,"column":28}},"6":{"start":{"line":10,"column":8},"end":{"line":10,"column":24}},"7":{"start":{"line":11,"column":8},"end":{"line":11,"column":33}},"8":{"start":{"line":12,"column":8},"end":{"line":12,"column":42}},"9":{"start":{"line":16,"column":8},"end":{"line":16,"column":47}},"10":{"start":{"line":17,"column":8},"end":{"line":17,"column":56}},"11":{"start":{"line":18,"column":36},"end":{"line":18,"column":102}},"12":{"start":{"line":18,"column":75},"end":{"line":18,"column":101}},"13":{"start":{"line":19,"column":21},"end":{"line":23,"column":10}},"14":{"start":{"line":25,"column":8},"end":{"line":25,"column":60}},"15":{"start":{"line":27,"column":8},"end":{"line":27,"column":26}},"16":{"start":{"line":32,"column":8},"end":{"line":43,"column":9}},"17":{"start":{"line":34,"column":12},"end":{"line":39,"column":13}},"18":{"start":{"line":35,"column":16},"end":{"line":35,"column":51}},"19":{"start":{"line":38,"column":16},"end":{"line":38,"column":60}},"20":{"start":{"line":42,"column":12},"end":{"line":42,"column":58}},"21":{"start":{"line":46,"column":8},"end":{"line":46,"column":99}},"22":{"start":{"line":46,"column":46},"end":{"line":46,"column":99}},"23":{"start":{"line":49,"column":12},"end":{"line":54,"column":13}},"24":{"start":{"line":50,"column":16},"end":{"line":50,"column":54}},"25":{"start":{"line":53,"column":16},"end":{"line":53,"column":72}},"26":{"start":{"line":61,"column":8},"end":{"line":61,"column":42}},"27":{"start":{"line":64,"column":8},"end":{"line":64,"column":31}},"28":{"start":{"line":87,"column":0},"end":{"line":87,"column":24}}},"fnMap":{"0":{"name":"(anonymous_0)","decl":{"start":{"line":7,"column":4},"end":{"line":7,"column":5}},"loc":{"start":{"line":7,"column":30},"end":{"line":13,"column":5}},"line":7},"1":{"name":"(anonymous_1)","decl":{"start":{"line":15,"column":4},"end":{"line":15,"column":5}},"loc":{"start":{"line":15,"column":34},"end":{"line":28,"column":5}},"line":15},"2":{"name":"(anonymous_2)","decl":{"start":{"line":18,"column":60},"end":{"line":18,"column":61}},"loc":{"start":{"line":18,"column":75},"end":{"line":18,"column":101}},"line":18},"3":{"name":"(anonymous_3)","decl":{"start":{"line":31,"column":4},"end":{"line":31,"column":5}},"loc":{"start":{"line":31,"column":26},"end":{"line":44,"column":5}},"line":31},"4":{"name":"(anonymous_4)","decl":{"start":{"line":45,"column":4},"end":{"line":45,"column":5}},"loc":{"start":{"line":45,"column":32},"end":{"line":59,"column":5}},"line":45},"5":{"name":"(anonymous_5)","decl":{"start":{"line":60,"column":4},"end":{"line":60,"column":5}},"loc":{"start":{"line":60,"column":23},"end":{"line":62,"column":5}},"line":60},"6":{"name":"(anonymous_6)","decl":{"start":{"line":63,"column":4},"end":{"line":63,"column":5}},"loc":{"start":{"line":63,"column":23},"end":{"line":65,"column":5}},"line":63}},"branchMap":{"0":{"loc":{"start":{"line":32,"column":8},"end":{"line":43,"column":9}},"type":"if","locations":[{"start":{"line":32,"column":8},"end":{"line":43,"column":9}},{"start":{"line":41,"column":15},"end":{"line":43,"column":9}}],"line":32},"1":{"loc":{"start":{"line":34,"column":12},"end":{"line":39,"column":13}},"type":"if","locations":[{"start":{"line":34,"column":12},"end":{"line":39,"column":13}},{"start":{"line":37,"column":15},"end":{"line":39,"column":13}}],"line":34},"2":{"loc":{"start":{"line":46,"column":8},"end":{"line":46,"column":99}},"type":"if","locations":[{"start":{"line":46,"column":8},"end":{"line":46,"column":99}},{"start":{},"end":{}}],"line":46},"3":{"loc":{"start":{"line":49,"column":12},"end":{"line":54,"column":13}},"type":"if","locations":[{"start":{"line":49,"column":12},"end":{"line":54,"column":13}},{"start":{"line":52,"column":15},"end":{"line":54,"column":13}}],"line":49}},"s":{"0":1,"1":1,"2":1,"3":1,"4":17,"5":17,"6":17,"7":17,"8":17,"9":2,"10":2,"11":2,"12":20,"13":2,"14":2,"15":2,"16":13,"17":12,"18":11,"19":1,"20":1,"21":38,"22":1,"23":37,"24":36,"25":1,"26":37,"27":8,"28":1},"f":{"0":17,"1":2,"2":20,"3":13,"4":38,"5":37,"6":8},"b":{"0":[12,1],"1":[11,1],"2":[1,37],"3":[36,1]},"_coverageSchema":"1a1c01bbd47fc00a2c39e90264f33305004495a9","hash":"71aeb29cf432446af324bd8d58280ce6c86c8099"}
,"D:\\blockchain\\Coinbase.js": {"path":"D:\\blockchain\\Coinbase.js","statementMap":{"0":{"start":{"line":1,"column":23},"end":{"line":1,"column":38}},"1":{"start":{"line":2,"column":14},"end":{"line":2,"column":32}},"2":{"start":{"line":3,"column":15},"end":{"line":3,"column":32}},"3":{"start":{"line":4,"column":21},"end":{"line":4,"column":46}},"4":{"start":{"line":5,"column":27},"end":{"line":5,"column":58}},"5":{"start":{"line":6,"column":24},"end":{"line":6,"column":52}},"6":{"start":{"line":10,"column":8},"end":{"line":10,"column":22}},"7":{"start":{"line":11,"column":8},"end":{"line":11,"column":30}},"8":{"start":{"line":12,"column":8},"end":{"line":12,"column":24}},"9":{"start":{"line":13,"column":24},"end":{"line":13,"column":32}},"10":{"start":{"line":14,"column":22},"end":{"line":14,"column":40}},"11":{"start":{"line":15,"column":8},"end":{"line":15,"column":51}},"12":{"start":{"line":16,"column":8},"end":{"line":16,"column":42}},"13":{"start":{"line":17,"column":8},"end":{"line":17,"column":27}},"14":{"start":{"line":20,"column":8},"end":{"line":20,"column":26}},"15":{"start":{"line":24,"column":21},"end":{"line":28,"column":10}},"16":{"start":{"line":30,"column":8},"end":{"line":30,"column":60}},"17":{"start":{"line":45,"column":8},"end":{"line":45,"column":25}},"18":{"start":{"line":48,"column":8},"end":{"line":48,"column":24}},"19":{"start":{"line":51,"column":8},"end":{"line":51,"column":25}},"20":{"start":{"line":54,"column":8},"end":{"line":54,"column":26}},"21":{"start":{"line":57,"column":21},"end":{"line":61,"column":10}},"22":{"start":{"line":63,"column":8},"end":{"line":64,"column":24}},"23":{"start":{"line":64,"column":12},"end":{"line":64,"column":24}},"24":{"start":{"line":68,"column":0},"end":{"line":68,"column":26}}},"fnMap":{"0":{"name":"(anonymous_0)","decl":{"start":{"line":9,"column":4},"end":{"line":9,"column":5}},"loc":{"start":{"line":9,"column":45},"end":{"line":18,"column":5}},"line":9},"1":{"name":"(anonymous_1)","decl":{"start":{"line":19,"column":4},"end":{"line":19,"column":5}},"loc":{"start":{"line":19,"column":27},"end":{"line":21,"column":5}},"line":19},"2":{"name":"(anonymous_2)","decl":{"start":{"line":23,"column":4},"end":{"line":23,"column":5}},"loc":{"start":{"line":23,"column":18},"end":{"line":31,"column":5}},"line":23},"3":{"name":"(anonymous_3)","decl":{"start":{"line":44,"column":4},"end":{"line":44,"column":5}},"loc":{"start":{"line":44,"column":18},"end":{"line":46,"column":5}},"line":44},"4":{"name":"(anonymous_4)","decl":{"start":{"line":47,"column":4},"end":{"line":47,"column":5}},"loc":{"start":{"line":47,"column":17},"end":{"line":49,"column":5}},"line":47},"5":{"name":"(anonymous_5)","decl":{"start":{"line":50,"column":4},"end":{"line":50,"column":5}},"loc":{"start":{"line":50,"column":18},"end":{"line":52,"column":5}},"line":50},"6":{"name":"(anonymous_6)","decl":{"start":{"line":53,"column":4},"end":{"line":53,"column":5}},"loc":{"start":{"line":53,"column":19},"end":{"line":55,"column":5}},"line":53},"7":{"name":"(anonymous_7)","decl":{"start":{"line":56,"column":4},"end":{"line":56,"column":5}},"loc":{"start":{"line":56,"column":14},"end":{"line":65,"column":5}},"line":56}},"branchMap":{"0":{"loc":{"start":{"line":63,"column":8},"end":{"line":64,"column":24}},"type":"if","locations":[{"start":{"line":63,"column":8},"end":{"line":64,"column":24}},{"start":{},"end":{}}],"line":63}},"s":{"0":1,"1":1,"2":1,"3":1,"4":1,"5":1,"6":13,"7":13,"8":13,"9":13,"10":13,"11":13,"12":13,"13":13,"14":13,"15":13,"16":13,"17":12,"18":12,"19":12,"20":22,"21":12,"22":12,"23":11,"24":1},"f":{"0":13,"1":13,"2":13,"3":12,"4":12,"5":12,"6":22,"7":12},"b":{"0":[11,1]},"_coverageSchema":"1a1c01bbd47fc00a2c39e90264f33305004495a9","hash":"5262014eea41584cf8c6769b42e41a02aa59bcdb"}
,"D:\\blockchain\\HashStrategy.js": {"path":"D:\\blockchain\\HashStrategy.js","statementMap":{"0":{"start":{"line":3,"column":6},"end":{"line":3,"column":82}},"1":{"start":{"line":7,"column":2},"end":{"line":7,"column":32}}},"fnMap":{"0":{"name":"(anonymous_0)","decl":{"start":{"line":2,"column":4},"end":{"line":2,"column":5}},"loc":{"start":{"line":2,"column":24},"end":{"line":4,"column":5}},"line":2}},"branchMap":{},"s":{"0":1,"1":1},"f":{"0":1},"b":{},"_coverageSchema":"1a1c01bbd47fc00a2c39e90264f33305004495a9","hash":"0fad3114954f86d91b15c6830f9829ac8b593361"}
,"D:\\blockchain\\MD5HashStrategy.js": {"path":"D:\\blockchain\\MD5HashStrategy.js","statementMap":{"0":{"start":{"line":1,"column":15},"end":{"line":1,"column":32}},"1":{"start":{"line":2,"column":21},"end":{"line":2,"column":46}},"2":{"start":{"line":6,"column":22},"end":{"line":6,"column":73}},"3":{"start":{"line":7,"column":6},"end":{"line":7,"column":18}},"4":{"start":{"line":11,"column":0},"end":{"line":11,"column":33}}},"fnMap":{"0":{"name":"(anonymous_0)","decl":{"start":{"line":5,"column":2},"end":{"line":5,"column":3}},"loc":{"start":{"line":5,"column":22},"end":{"line":8,"column":5}},"line":5}},"branchMap":{},"s":{"0":1,"1":1,"2":72,"3":72,"4":1},"f":{"0":72},"b":{},"_coverageSchema":"1a1c01bbd47fc00a2c39e90264f33305004495a9","hash":"9ac2925b0cb4240071179d8f691a091d515d276f"}
,"D:\\blockchain\\Nodo.js": {"path":"D:\\blockchain\\Nodo.js","statementMap":{"0":{"start":{"line":1,"column":15},"end":{"line":1,"column":34}},"1":{"start":{"line":2,"column":15},"end":{"line":2,"column":32}},"2":{"start":{"line":3,"column":21},"end":{"line":3,"column":46}},"3":{"start":{"line":4,"column":24},"end":{"line":4,"column":52}},"4":{"start":{"line":5,"column":27},"end":{"line":5,"column":58}},"5":{"start":{"line":9,"column":8},"end":{"line":9,"column":32}},"6":{"start":{"line":10,"column":8},"end":{"line":10,"column":28}},"7":{"start":{"line":11,"column":8},"end":{"line":11,"column":102}},"8":{"start":{"line":12,"column":8},"end":{"line":12,"column":61}},"9":{"start":{"line":13,"column":8},"end":{"line":13,"column":34}},"10":{"start":{"line":14,"column":8},"end":{"line":14,"column":32}},"11":{"start":{"line":17,"column":8},"end":{"line":17,"column":50}},"12":{"start":{"line":20,"column":8},"end":{"line":20,"column":56}},"13":{"start":{"line":21,"column":8},"end":{"line":21,"column":27}},"14":{"start":{"line":24,"column":8},"end":{"line":24,"column":61}},"15":{"start":{"line":27,"column":21},"end":{"line":31,"column":10}},"16":{"start":{"line":30,"column":79},"end":{"line":30,"column":105}},"17":{"start":{"line":32,"column":31},"end":{"line":32,"column":69}},"18":{"start":{"line":33,"column":8},"end":{"line":33,"column":54}},"19":{"start":{"line":36,"column":8},"end":{"line":36,"column":40}},"20":{"start":{"line":37,"column":8},"end":{"line":37,"column":39}},"21":{"start":{"line":38,"column":8},"end":{"line":38,"column":46}},"22":{"start":{"line":41,"column":8},"end":{"line":49,"column":11}},"23":{"start":{"line":42,"column":12},"end":{"line":42,"column":78}},"24":{"start":{"line":52,"column":8},"end":{"line":58,"column":11}},"25":{"start":{"line":53,"column":12},"end":{"line":53,"column":89}},"26":{"start":{"line":54,"column":12},"end":{"line":54,"column":54}},"27":{"start":{"line":55,"column":12},"end":{"line":55,"column":70}},"28":{"start":{"line":56,"column":12},"end":{"line":56,"column":78}},"29":{"start":{"line":57,"column":12},"end":{"line":57,"column":33}},"30":{"start":{"line":61,"column":8},"end":{"line":61,"column":35}},"31":{"start":{"line":64,"column":8},"end":{"line":64,"column":35}},"32":{"start":{"line":67,"column":8},"end":{"line":67,"column":31}},"33":{"start":{"line":72,"column":0},"end":{"line":72,"column":22}}},"fnMap":{"0":{"name":"(anonymous_0)","decl":{"start":{"line":8,"column":4},"end":{"line":8,"column":5}},"loc":{"start":{"line":8,"column":45},"end":{"line":15,"column":5}},"line":8},"1":{"name":"(anonymous_1)","decl":{"start":{"line":16,"column":4},"end":{"line":16,"column":5}},"loc":{"start":{"line":16,"column":29},"end":{"line":18,"column":5}},"line":16},"2":{"name":"(anonymous_2)","decl":{"start":{"line":19,"column":4},"end":{"line":19,"column":5}},"loc":{"start":{"line":19,"column":35},"end":{"line":22,"column":5}},"line":19},"3":{"name":"(anonymous_3)","decl":{"start":{"line":23,"column":4},"end":{"line":23,"column":5}},"loc":{"start":{"line":23,"column":19},"end":{"line":25,"column":5}},"line":23},"4":{"name":"(anonymous_4)","decl":{"start":{"line":26,"column":4},"end":{"line":26,"column":5}},"loc":{"start":{"line":26,"column":31},"end":{"line":34,"column":7}},"line":26},"5":{"name":"(anonymous_5)","decl":{"start":{"line":30,"column":64},"end":{"line":30,"column":65}},"loc":{"start":{"line":30,"column":79},"end":{"line":30,"column":105}},"line":30},"6":{"name":"(anonymous_6)","decl":{"start":{"line":35,"column":4},"end":{"line":35,"column":5}},"loc":{"start":{"line":35,"column":51},"end":{"line":39,"column":5}},"line":35},"7":{"name":"(anonymous_7)","decl":{"start":{"line":40,"column":4},"end":{"line":40,"column":5}},"loc":{"start":{"line":40,"column":22},"end":{"line":50,"column":5}},"line":40},"8":{"name":"(anonymous_8)","decl":{"start":{"line":41,"column":28},"end":{"line":41,"column":29}},"loc":{"start":{"line":41,"column":38},"end":{"line":49,"column":9}},"line":41},"9":{"name":"(anonymous_9)","decl":{"start":{"line":51,"column":4},"end":{"line":51,"column":5}},"loc":{"start":{"line":51,"column":17},"end":{"line":59,"column":5}},"line":51},"10":{"name":"(anonymous_10)","decl":{"start":{"line":60,"column":4},"end":{"line":60,"column":5}},"loc":{"start":{"line":60,"column":20},"end":{"line":62,"column":5}},"line":60},"11":{"name":"(anonymous_11)","decl":{"start":{"line":63,"column":4},"end":{"line":63,"column":5}},"loc":{"start":{"line":63,"column":27},"end":{"line":65,"column":5}},"line":63},"12":{"name":"(anonymous_12)","decl":{"start":{"line":66,"column":4},"end":{"line":66,"column":5}},"loc":{"start":{"line":66,"column":21},"end":{"line":68,"column":5}},"line":66}},"branchMap":{"0":{"loc":{"start":{"line":11,"column":29},"end":{"line":11,"column":101}},"type":"cond-expr","locations":[{"start":{"line":11,"column":53},"end":{"line":11,"column":77}},{"start":{"line":11,"column":80},"end":{"line":11,"column":101}}],"line":11},"1":{"loc":{"start":{"line":52,"column":8},"end":{"line":58,"column":11}},"type":"if","locations":[{"start":{"line":52,"column":8},"end":{"line":58,"column":11}},{"start":{},"end":{}}],"line":52}},"s":{"0":1,"1":1,"2":1,"3":1,"4":1,"5":15,"6":15,"7":15,"8":15,"9":15,"10":15,"11":13,"12":38,"13":36,"14":2,"15":8,"16":80,"17":8,"18":8,"19":8,"20":8,"21":8,"22":2,"23":6,"24":36,"25":2,"26":2,"27":2,"28":2,"29":2,"30":1,"31":1,"32":3,"33":1},"f":{"0":15,"1":13,"2":38,"3":2,"4":8,"5":80,"6":8,"7":2,"8":6,"9":36,"10":1,"11":1,"12":3},"b":{"0":[9,6],"1":[2,34]},"_coverageSchema":"1a1c01bbd47fc00a2c39e90264f33305004495a9","hash":"7925c4210067898fa6a96323c72f7b8461727abe"}
,"D:\\blockchain\\SHA256HashStrategy.js": {"path":"D:\\blockchain\\SHA256HashStrategy.js","statementMap":{"0":{"start":{"line":1,"column":15},"end":{"line":1,"column":32}},"1":{"start":{"line":2,"column":21},"end":{"line":2,"column":46}},"2":{"start":{"line":6,"column":17},"end":{"line":6,"column":71}},"3":{"start":{"line":7,"column":4},"end":{"line":7,"column":16}},"4":{"start":{"line":11,"column":0},"end":{"line":11,"column":36}}},"fnMap":{"0":{"name":"(anonymous_0)","decl":{"start":{"line":5,"column":2},"end":{"line":5,"column":3}},"loc":{"start":{"line":5,"column":22},"end":{"line":8,"column":3}},"line":5}},"branchMap":{},"s":{"0":1,"1":1,"2":101,"3":101,"4":1},"f":{"0":101},"b":{},"_coverageSchema":"1a1c01bbd47fc00a2c39e90264f33305004495a9","hash":"3b64cdcfcd9cf95c27aa6b3652a5c20ec80c9212"}
,"D:\\blockchain\\Token.js": {"path":"D:\\blockchain\\Token.js","statementMap":{"0":{"start":{"line":3,"column":8},"end":{"line":3,"column":28}},"1":{"start":{"line":7,"column":8},"end":{"line":7,"column":36}},"2":{"start":{"line":10,"column":0},"end":{"line":10,"column":23}}},"fnMap":{"0":{"name":"(anonymous_0)","decl":{"start":{"line":2,"column":4},"end":{"line":2,"column":5}},"loc":{"start":{"line":2,"column":23},"end":{"line":4,"column":5}},"line":2},"1":{"name":"(anonymous_1)","decl":{"start":{"line":6,"column":4},"end":{"line":6,"column":5}},"loc":{"start":{"line":6,"column":19},"end":{"line":8,"column":5}},"line":6}},"branchMap":{},"s":{"0":14,"1":14,"2":1},"f":{"0":14,"1":14},"b":{},"_coverageSchema":"1a1c01bbd47fc00a2c39e90264f33305004495a9","hash":"f3551d676447407e8b4983fb0b32a2e4c2d9d1b7"}
,"D:\\blockchain\\Transaccion.js": {"path":"D:\\blockchain\\Transaccion.js","statementMap":{"0":{"start":{"line":3,"column":8},"end":{"line":3,"column":37}},"1":{"start":{"line":9,"column":0},"end":{"line":9,"column":29}}},"fnMap":{"0":{"name":"(anonymous_0)","decl":{"start":{"line":2,"column":4},"end":{"line":2,"column":5}},"loc":{"start":{"line":2,"column":29},"end":{"line":4,"column":5}},"line":2},"1":{"name":"(anonymous_1)","decl":{"start":{"line":5,"column":4},"end":{"line":5,"column":5}},"loc":{"start":{"line":5,"column":14},"end":{"line":7,"column":5}},"line":5}},"branchMap":{},"s":{"0":9,"1":1},"f":{"0":9,"1":0},"b":{},"_coverageSchema":"1a1c01bbd47fc00a2c39e90264f33305004495a9","hash":"aca0a070dc0f298c59c2de8657f5d9b5656aaada"}
,"D:\\blockchain\\TransaccionCompuesta.js": {"path":"D:\\blockchain\\TransaccionCompuesta.js","statementMap":{"0":{"start":{"line":1,"column":15},"end":{"line":1,"column":32}},"1":{"start":{"line":2,"column":21},"end":{"line":2,"column":46}},"2":{"start":{"line":3,"column":20},"end":{"line":3,"column":44}},"3":{"start":{"line":7,"column":8},"end":{"line":7,"column":16}},"4":{"start":{"line":8,"column":8},"end":{"line":8,"column":40}},"5":{"start":{"line":9,"column":8},"end":{"line":9,"column":38}},"6":{"start":{"line":10,"column":8},"end":{"line":10,"column":42}},"7":{"start":{"line":14,"column":8},"end":{"line":16,"column":9}},"8":{"start":{"line":15,"column":10},"end":{"line":15,"column":91}},"9":{"start":{"line":19,"column":8},"end":{"line":19,"column":39}},"10":{"start":{"line":20,"column":8},"end":{"line":22,"column":9}},"11":{"start":{"line":21,"column":10},"end":{"line":21,"column":60}},"12":{"start":{"line":24,"column":8},"end":{"line":29,"column":9}},"13":{"start":{"line":25,"column":10},"end":{"line":25,"column":47}},"14":{"start":{"line":28,"column":10},"end":{"line":28,"column":66}},"15":{"start":{"line":32,"column":8},"end":{"line":32,"column":49}},"16":{"start":{"line":47,"column":8},"end":{"line":50,"column":11}},"17":{"start":{"line":48,"column":10},"end":{"line":48,"column":33}},"18":{"start":{"line":51,"column":8},"end":{"line":51,"column":20}},"19":{"start":{"line":55,"column":6},"end":{"line":55,"column":44}}},"fnMap":{"0":{"name":"(anonymous_0)","decl":{"start":{"line":6,"column":6},"end":{"line":6,"column":7}},"loc":{"start":{"line":6,"column":39},"end":{"line":12,"column":7}},"line":6},"1":{"name":"(anonymous_1)","decl":{"start":{"line":13,"column":6},"end":{"line":13,"column":7}},"loc":{"start":{"line":13,"column":31},"end":{"line":17,"column":7}},"line":13},"2":{"name":"(anonymous_2)","decl":{"start":{"line":18,"column":6},"end":{"line":18,"column":7}},"loc":{"start":{"line":18,"column":40},"end":{"line":30,"column":7}},"line":18},"3":{"name":"(anonymous_3)","decl":{"start":{"line":31,"column":6},"end":{"line":31,"column":7}},"loc":{"start":{"line":31,"column":30},"end":{"line":33,"column":7}},"line":31},"4":{"name":"(anonymous_4)","decl":{"start":{"line":46,"column":6},"end":{"line":46,"column":7}},"loc":{"start":{"line":46,"column":16},"end":{"line":52,"column":7}},"line":46},"5":{"name":"(anonymous_5)","decl":{"start":{"line":47,"column":43},"end":{"line":47,"column":44}},"loc":{"start":{"line":47,"column":60},"end":{"line":50,"column":9}},"line":47}},"branchMap":{"0":{"loc":{"start":{"line":14,"column":8},"end":{"line":16,"column":9}},"type":"if","locations":[{"start":{"line":14,"column":8},"end":{"line":16,"column":9}},{"start":{},"end":{}}],"line":14},"1":{"loc":{"start":{"line":14,"column":11},"end":{"line":14,"column":62}},"type":"binary-expr","locations":[{"start":{"line":14,"column":11},"end":{"line":14,"column":20}},{"start":{"line":14,"column":24},"end":{"line":14,"column":62}}],"line":14},"2":{"loc":{"start":{"line":20,"column":8},"end":{"line":22,"column":9}},"type":"if","locations":[{"start":{"line":20,"column":8},"end":{"line":22,"column":9}},{"start":{},"end":{}}],"line":20},"3":{"loc":{"start":{"line":24,"column":8},"end":{"line":29,"column":9}},"type":"if","locations":[{"start":{"line":24,"column":8},"end":{"line":29,"column":9}},{"start":{"line":27,"column":12},"end":{"line":29,"column":9}}],"line":24}},"s":{"0":1,"1":1,"2":1,"3":10,"4":10,"5":10,"6":10,"7":29,"8":1,"9":29,"10":28,"11":1,"12":27,"13":26,"14":1,"15":29,"16":8,"17":20,"18":8,"19":1},"f":{"0":10,"1":29,"2":29,"3":29,"4":8,"5":20},"b":{"0":[1,28],"1":[29,9],"2":[1,27],"3":[26,1]},"_coverageSchema":"1a1c01bbd47fc00a2c39e90264f33305004495a9","hash":"25a5f3a1b2694e343894af729334869a45733ae9"}
,"D:\\blockchain\\TransaccionSimple.js": {"path":"D:\\blockchain\\TransaccionSimple.js","statementMap":{"0":{"start":{"line":1,"column":15},"end":{"line":1,"column":32}},"1":{"start":{"line":2,"column":21},"end":{"line":2,"column":46}},"2":{"start":{"line":3,"column":20},"end":{"line":3,"column":44}},"3":{"start":{"line":7,"column":8},"end":{"line":7,"column":16}},"4":{"start":{"line":8,"column":8},"end":{"line":8,"column":22}},"5":{"start":{"line":9,"column":8},"end":{"line":9,"column":45}},"6":{"start":{"line":10,"column":8},"end":{"line":10,"column":30}},"7":{"start":{"line":11,"column":8},"end":{"line":11,"column":24}},"8":{"start":{"line":12,"column":8},"end":{"line":12,"column":39}},"9":{"start":{"line":13,"column":8},"end":{"line":13,"column":42}},"10":{"start":{"line":14,"column":8},"end":{"line":14,"column":38}},"11":{"start":{"line":18,"column":21},"end":{"line":22,"column":10}},"12":{"start":{"line":24,"column":8},"end":{"line":24,"column":54}},"13":{"start":{"line":38,"column":8},"end":{"line":38,"column":25}},"14":{"start":{"line":41,"column":8},"end":{"line":41,"column":24}},"15":{"start":{"line":44,"column":8},"end":{"line":44,"column":24}},"16":{"start":{"line":47,"column":8},"end":{"line":47,"column":25}},"17":{"start":{"line":50,"column":8},"end":{"line":50,"column":26}},"18":{"start":{"line":57,"column":21},"end":{"line":61,"column":10}},"19":{"start":{"line":62,"column":8},"end":{"line":63,"column":20}},"20":{"start":{"line":63,"column":8},"end":{"line":63,"column":20}},"21":{"start":{"line":67,"column":0},"end":{"line":67,"column":35}}},"fnMap":{"0":{"name":"(anonymous_0)","decl":{"start":{"line":6,"column":4},"end":{"line":6,"column":5}},"loc":{"start":{"line":6,"column":51},"end":{"line":15,"column":5}},"line":6},"1":{"name":"(anonymous_1)","decl":{"start":{"line":17,"column":4},"end":{"line":17,"column":5}},"loc":{"start":{"line":17,"column":30},"end":{"line":25,"column":5}},"line":17},"2":{"name":"(anonymous_2)","decl":{"start":{"line":37,"column":6},"end":{"line":37,"column":7}},"loc":{"start":{"line":37,"column":27},"end":{"line":39,"column":7}},"line":37},"3":{"name":"(anonymous_3)","decl":{"start":{"line":40,"column":6},"end":{"line":40,"column":7}},"loc":{"start":{"line":40,"column":19},"end":{"line":42,"column":7}},"line":40},"4":{"name":"(anonymous_4)","decl":{"start":{"line":43,"column":6},"end":{"line":43,"column":7}},"loc":{"start":{"line":43,"column":19},"end":{"line":45,"column":7}},"line":43},"5":{"name":"(anonymous_5)","decl":{"start":{"line":46,"column":6},"end":{"line":46,"column":7}},"loc":{"start":{"line":46,"column":20},"end":{"line":48,"column":7}},"line":46},"6":{"name":"(anonymous_6)","decl":{"start":{"line":49,"column":6},"end":{"line":49,"column":7}},"loc":{"start":{"line":49,"column":21},"end":{"line":51,"column":7}},"line":49},"7":{"name":"(anonymous_7)","decl":{"start":{"line":56,"column":6},"end":{"line":56,"column":7}},"loc":{"start":{"line":56,"column":17},"end":{"line":64,"column":5}},"line":56}},"branchMap":{"0":{"loc":{"start":{"line":62,"column":8},"end":{"line":63,"column":20}},"type":"if","locations":[{"start":{"line":62,"column":8},"end":{"line":63,"column":20}},{"start":{},"end":{}}],"line":62}},"s":{"0":1,"1":1,"2":1,"3":60,"4":60,"5":60,"6":60,"7":60,"8":60,"9":60,"10":60,"11":60,"12":60,"13":60,"14":76,"15":76,"16":76,"17":166,"18":76,"19":76,"20":74,"21":1},"f":{"0":60,"1":60,"2":60,"3":76,"4":76,"5":76,"6":166,"7":76},"b":{"0":[74,2]},"_coverageSchema":"1a1c01bbd47fc00a2c39e90264f33305004495a9","hash":"a0495fb9b10a962da3a1f07cc704c6d737c179e9"}
}
