TN:
SF:Bloque.js
FN:7,(anonymous_0)
FN:15,(anonymous_1)
FN:18,(anonymous_2)
FN:31,(anonymous_3)
FN:44,(anonymous_4)
FN:53,(anonymous_5)
FN:56,(anonymous_6)
FNF:7
FNH:7
FNDA:16,(anonymous_0)
FNDA:2,(anonymous_1)
FNDA:20,(anonymous_2)
FNDA:12,(anonymous_3)
FNDA:35,(anonymous_4)
FNDA:34,(anonymous_5)
FNDA:8,(anonymous_6)
DA:1,1
DA:2,1
DA:3,1
DA:4,1
DA:8,16
DA:9,16
DA:10,16
DA:11,16
DA:12,16
DA:16,2
DA:17,2
DA:18,20
DA:19,2
DA:25,2
DA:27,2
DA:32,12
DA:33,11
DA:34,10
DA:37,1
DA:41,1
DA:45,35
DA:46,34
DA:47,33
DA:50,1
DA:54,34
DA:57,8
DA:60,1
LF:27
LH:27
BRDA:32,0,0,11
BRDA:32,0,1,1
BRDA:33,1,0,10
BRDA:33,1,1,1
BRDA:45,2,0,1
BRDA:45,2,1,34
BRDA:46,3,0,33
BRDA:46,3,1,1
BRF:8
BRH:8
end_of_record
TN:
SF:Coinbase.js
FN:9,(anonymous_0)
FN:19,(anonymous_1)
FN:23,(anonymous_2)
FN:32,(anonymous_3)
FN:35,(anonymous_4)
FN:38,(anonymous_5)
FN:41,(anonymous_6)
FN:44,(anonymous_7)
FNF:8
FNH:8
FNDA:12,(anonymous_0)
FNDA:12,(anonymous_1)
FNDA:12,(anonymous_2)
FNDA:11,(anonymous_3)
FNDA:11,(anonymous_4)
FNDA:11,(anonymous_5)
FNDA:21,(anonymous_6)
FNDA:11,(anonymous_7)
DA:1,1
DA:2,1
DA:3,1
DA:4,1
DA:5,1
DA:6,1
DA:10,12
DA:11,12
DA:12,12
DA:13,12
DA:14,12
DA:15,12
DA:16,12
DA:17,12
DA:20,12
DA:24,12
DA:30,12
DA:33,11
DA:36,11
DA:39,11
DA:42,21
DA:45,11
DA:50,11
DA:51,10
DA:55,1
LF:25
LH:25
BRDA:50,0,0,10
BRDA:50,0,1,1
BRF:2
BRH:2
end_of_record
TN:
SF:HashStrategy.js
FN:2,(anonymous_0)
FNF:1
FNH:1
FNDA:1,(anonymous_0)
DA:3,1
DA:7,1
LF:2
LH:2
BRF:0
BRH:0
end_of_record
TN:
SF:MD5HashStrategy.js
FN:5,(anonymous_0)
FNF:1
FNH:1
FNDA:72,(anonymous_0)
DA:1,1
DA:2,1
DA:6,72
DA:7,72
DA:11,1
LF:5
LH:5
BRF:0
BRH:0
end_of_record
TN:
SF:Nodo.js
FN:8,(anonymous_0)
FN:16,(anonymous_1)
FN:19,(anonymous_2)
FN:23,(anonymous_3)
FN:26,(anonymous_4)
FN:30,(anonymous_5)
FN:35,(anonymous_6)
FN:40,(anonymous_7)
FN:41,(anonymous_8)
FN:45,(anonymous_9)
FN:54,(anonymous_10)
FN:57,(anonymous_11)
FN:60,(anonymous_12)
FNF:13
FNH:13
FNDA:14,(anonymous_0)
FNDA:12,(anonymous_1)
FNDA:35,(anonymous_2)
FNDA:2,(anonymous_3)
FNDA:8,(anonymous_4)
FNDA:80,(anonymous_5)
FNDA:8,(anonymous_6)
FNDA:2,(anonymous_7)
FNDA:6,(anonymous_8)
FNDA:33,(anonymous_9)
FNDA:1,(anonymous_10)
FNDA:1,(anonymous_11)
FNDA:3,(anonymous_12)
DA:1,1
DA:2,1
DA:3,1
DA:4,1
DA:5,1
DA:9,14
DA:10,14
DA:11,14
DA:12,14
DA:13,14
DA:14,14
DA:17,12
DA:20,35
DA:21,33
DA:24,2
DA:27,8
DA:30,80
DA:32,8
DA:33,8
DA:36,8
DA:37,8
DA:38,8
DA:41,2
DA:42,6
DA:46,33
DA:47,2
DA:48,2
DA:49,2
DA:50,2
DA:51,2
DA:55,1
DA:58,1
DA:61,3
DA:66,1
LF:34
LH:34
BRDA:11,0,0,8
BRDA:11,0,1,6
BRDA:46,1,0,2
BRDA:46,1,1,31
BRF:4
BRH:4
end_of_record
TN:
SF:SHA256HashStrategy.js
FN:5,(anonymous_0)
FNF:1
FNH:1
FNDA:79,(anonymous_0)
DA:1,1
DA:2,1
DA:6,79
DA:7,79
DA:11,1
LF:5
LH:5
BRF:0
BRH:0
end_of_record
TN:
SF:Token.js
FN:2,(anonymous_0)
FN:6,(anonymous_1)
FNF:2
FNH:2
FNDA:13,(anonymous_0)
FNDA:13,(anonymous_1)
DA:3,13
DA:7,13
DA:10,1
LF:3
LH:3
BRF:0
BRH:0
end_of_record
TN:
SF:Transaccion.js
FN:2,(anonymous_0)
FN:5,(anonymous_1)
FNF:2
FNH:1
FNDA:9,(anonymous_0)
FNDA:0,(anonymous_1)
DA:3,9
DA:9,1
LF:2
LH:2
BRF:0
BRH:0
end_of_record
TN:
SF:TransaccionCompuesta.js
FN:6,(anonymous_0)
FN:13,(anonymous_1)
FN:18,(anonymous_2)
FN:30,(anonymous_3)
FN:33,(anonymous_4)
FN:34,(anonymous_5)
FNF:6
FNH:6
FNDA:8,(anonymous_0)
FNDA:23,(anonymous_1)
FNDA:23,(anonymous_2)
FNDA:23,(anonymous_3)
FNDA:4,(anonymous_4)
FNDA:11,(anonymous_5)
DA:1,1
DA:2,1
DA:3,1
DA:7,8
DA:8,8
DA:9,8
DA:10,8
DA:14,23
DA:15,1
DA:19,23
DA:20,22
DA:21,1
DA:23,21
DA:24,20
DA:27,1
DA:31,23
DA:34,4
DA:35,11
DA:38,4
DA:41,1
LF:20
LH:20
BRDA:14,0,0,1
BRDA:14,0,1,22
BRDA:14,1,0,23
BRDA:14,1,1,9
BRDA:20,2,0,1
BRDA:20,2,1,21
BRDA:23,3,0,20
BRDA:23,3,1,1
BRF:8
BRH:8
end_of_record
TN:
SF:TransaccionSimple.js
FN:6,(anonymous_0)
FN:17,(anonymous_1)
FN:26,(anonymous_2)
FN:29,(anonymous_3)
FN:32,(anonymous_4)
FN:35,(anonymous_5)
FN:38,(anonymous_6)
FN:41,(anonymous_7)
FNF:8
FNH:8
FNDA:54,(anonymous_0)
FNDA:54,(anonymous_1)
FNDA:54,(anonymous_2)
FNDA:62,(anonymous_3)
FNDA:62,(anonymous_4)
FNDA:62,(anonymous_5)
FNDA:152,(anonymous_6)
FNDA:62,(anonymous_7)
DA:1,1
DA:2,1
DA:3,1
DA:7,54
DA:8,54
DA:9,54
DA:10,54
DA:11,54
DA:12,54
DA:13,54
DA:14,54
DA:18,54
DA:24,54
DA:27,54
DA:30,62
DA:33,62
DA:36,62
DA:39,152
DA:42,62
DA:47,62
DA:48,60
DA:52,1
LF:22
LH:22
BRDA:47,0,0,60
BRDA:47,0,1,2
BRF:2
BRH:2
end_of_record
