TN:
SF:Bloque.js
FN:7,(anonymous_0)
FN:15,(anonymous_1)
FN:18,(anonymous_2)
FN:28,(anonymous_3)
FN:40,(anonymous_4)
FN:49,(anonymous_5)
FN:52,(anonymous_6)
FNF:7
FNH:7
FNDA:16,(anonymous_0)
FNDA:2,(anonymous_1)
FNDA:20,(anonymous_2)
FNDA:12,(anonymous_3)
FNDA:35,(anonymous_4)
FNDA:34,(anonymous_5)
FNDA:8,(anonymous_6)
DA:1,1
DA:2,1
DA:3,1
DA:4,1
DA:8,16
DA:9,16
DA:10,16
DA:11,16
DA:12,16
DA:16,2
DA:17,2
DA:18,20
DA:19,2
DA:24,2
DA:25,2
DA:29,12
DA:30,11
DA:31,10
DA:34,1
DA:37,1
DA:41,35
DA:42,34
DA:43,33
DA:46,1
DA:50,34
DA:53,8
DA:56,1
LF:27
LH:27
BRDA:29,0,0,11
BRDA:29,0,1,1
BRDA:30,1,0,10
BRDA:30,1,1,1
BRDA:41,2,0,1
BRDA:41,2,1,34
BRDA:42,3,0,33
BRDA:42,3,1,1
BRF:8
BRH:8
end_of_record
TN:
SF:Coinbase.js
FN:9,(anonymous_0)
FN:19,(anonymous_1)
FN:22,(anonymous_2)
FN:30,(anonymous_3)
FN:33,(anonymous_4)
FN:36,(anonymous_5)
FN:39,(anonymous_6)
FN:42,(anonymous_7)
FNF:8
FNH:8
FNDA:12,(anonymous_0)
FNDA:12,(anonymous_1)
FNDA:12,(anonymous_2)
FNDA:11,(anonymous_3)
FNDA:11,(anonymous_4)
FNDA:11,(anonymous_5)
FNDA:21,(anonymous_6)
FNDA:11,(anonymous_7)
DA:1,1
DA:2,1
DA:3,1
DA:4,1
DA:5,1
DA:6,1
DA:10,12
DA:11,12
DA:12,12
DA:13,12
DA:14,12
DA:15,12
DA:16,12
DA:17,12
DA:20,12
DA:23,12
DA:28,12
DA:31,11
DA:34,11
DA:37,11
DA:40,21
DA:43,11
DA:48,11
DA:49,10
DA:52,1
LF:25
LH:25
BRDA:48,0,0,10
BRDA:48,0,1,1
BRF:2
BRH:2
end_of_record
TN:
SF:HashStrategy.js
FN:2,(anonymous_0)
FNF:1
FNH:1
FNDA:1,(anonymous_0)
DA:3,1
DA:6,1
LF:2
LH:2
BRF:0
BRH:0
end_of_record
TN:
SF:MD5HashStrategy.js
FN:5,(anonymous_0)
FNF:1
FNH:1
FNDA:72,(anonymous_0)
DA:1,1
DA:2,1
DA:6,72
DA:7,72
DA:10,1
LF:5
LH:5
BRF:0
BRH:0
end_of_record
TN:
SF:Nodo.js
FN:8,(anonymous_0)
FN:16,(anonymous_1)
FN:19,(anonymous_2)
FN:23,(anonymous_3)
FN:26,(anonymous_4)
FN:30,(anonymous_5)
FN:35,(anonymous_6)
FN:40,(anonymous_7)
FN:41,(anonymous_8)
FN:45,(anonymous_9)
FN:54,(anonymous_10)
FN:57,(anonymous_11)
FN:60,(anonymous_12)
FNF:13
FNH:13
FNDA:14,(anonymous_0)
FNDA:12,(anonymous_1)
FNDA:35,(anonymous_2)
FNDA:2,(anonymous_3)
FNDA:8,(anonymous_4)
FNDA:80,(anonymous_5)
FNDA:8,(anonymous_6)
FNDA:2,(anonymous_7)
FNDA:6,(anonymous_8)
FNDA:33,(anonymous_9)
FNDA:1,(anonymous_10)
FNDA:1,(anonymous_11)
FNDA:3,(anonymous_12)
DA:1,1
DA:2,1
DA:3,1
DA:4,1
DA:5,1
DA:9,14
DA:10,14
DA:11,14
DA:12,14
DA:13,14
DA:14,14
DA:17,12
DA:20,35
DA:21,33
DA:24,2
DA:27,8
DA:30,80
DA:32,8
DA:33,8
DA:36,8
DA:37,8
DA:38,8
DA:41,2
DA:42,6
DA:46,33
DA:47,2
DA:48,2
DA:49,2
DA:50,2
DA:51,2
DA:55,1
DA:58,1
DA:61,3
DA:64,1
LF:34
LH:34
BRDA:11,0,0,8
BRDA:11,0,1,6
BRDA:46,1,0,2
BRDA:46,1,1,31
BRF:4
BRH:4
end_of_record
TN:
SF:SHA256HashStrategy.js
FN:5,(anonymous_0)
FNF:1
FNH:1
FNDA:79,(anonymous_0)
DA:1,1
DA:2,1
DA:6,79
DA:7,79
DA:10,1
LF:5
LH:5
BRF:0
BRH:0
end_of_record
TN:
SF:Token.js
FN:2,(anonymous_0)
FN:5,(anonymous_1)
FNF:2
FNH:2
FNDA:13,(anonymous_0)
FNDA:13,(anonymous_1)
DA:3,13
DA:6,13
DA:9,1
LF:3
LH:3
BRF:0
BRH:0
end_of_record
TN:
SF:Transaccion.js
FN:2,(anonymous_0)
FN:5,(anonymous_1)
FNF:2
FNH:1
FNDA:9,(anonymous_0)
FNDA:0,(anonymous_1)
DA:3,9
DA:9,1
LF:2
LH:2
BRF:0
BRH:0
end_of_record
TN:
SF:TransaccionCompuesta.js
FN:6,(anonymous_0)
FN:12,(anonymous_1)
FN:17,(anonymous_2)
FN:29,(anonymous_3)
FN:32,(anonymous_4)
FN:33,(anonymous_5)
FNF:6
FNH:6
FNDA:8,(anonymous_0)
FNDA:23,(anonymous_1)
FNDA:23,(anonymous_2)
FNDA:23,(anonymous_3)
FNDA:4,(anonymous_4)
FNDA:11,(anonymous_5)
DA:1,1
DA:2,1
DA:3,1
DA:7,8
DA:8,8
DA:9,8
DA:10,8
DA:13,23
DA:14,1
DA:18,23
DA:19,22
DA:20,1
DA:22,21
DA:23,20
DA:26,1
DA:30,23
DA:33,4
DA:34,11
DA:36,4
DA:39,1
LF:20
LH:20
BRDA:13,0,0,1
BRDA:13,0,1,22
BRDA:13,1,0,23
BRDA:13,1,1,9
BRDA:19,2,0,1
BRDA:19,2,1,21
BRDA:22,3,0,20
BRDA:22,3,1,1
BRF:8
BRH:8
end_of_record
TN:
SF:TransaccionSimple.js
FN:6,(anonymous_0)
FN:16,(anonymous_1)
FN:24,(anonymous_2)
FN:27,(anonymous_3)
FN:30,(anonymous_4)
FN:33,(anonymous_5)
FN:36,(anonymous_6)
FN:39,(anonymous_7)
FNF:8
FNH:8
FNDA:54,(anonymous_0)
FNDA:54,(anonymous_1)
FNDA:54,(anonymous_2)
FNDA:62,(anonymous_3)
FNDA:62,(anonymous_4)
FNDA:62,(anonymous_5)
FNDA:152,(anonymous_6)
FNDA:62,(anonymous_7)
DA:1,1
DA:2,1
DA:3,1
DA:7,54
DA:8,54
DA:9,54
DA:10,54
DA:11,54
DA:12,54
DA:13,54
DA:14,54
DA:17,54
DA:22,54
DA:25,54
DA:28,62
DA:31,62
DA:34,62
DA:37,152
DA:40,62
DA:45,62
DA:46,60
DA:49,1
LF:22
LH:22
BRDA:45,0,0,60
BRDA:45,0,1,2
BRF:2
BRH:2
end_of_record
